<?xml version="1.0" encoding="UTF-8"?>
<!-- Generated by org.testng.reporters.JUnitXMLReporter -->
<testsuite hostname="DESKTOP-GG1MRP8" ignored="0" name="Default test" tests="3" failures="0" timestamp="19 Feb 2021 08:32:17 GMT" time="66.44" errors="0">
  <testcase name="FacebookSignUp" time="11.096" classname="pom.irctc.testcases.TC007"/>
  <testcase name="FacebookSignUp" time="8.953" classname="pom.irctc.testcases.TC007"/>
  <testcase name="FacebookSignUp" time="8.674" classname="pom.irctc.testcases.TC007"/>
</testsuite> <!-- Default test -->
