<?xml version="1.0" encoding="UTF-8"?>
<testsuite xmlns:xsi="http://www.w3.org/2001/XMLSchema-instance" xsi:noNamespaceSchemaLocation="https://maven.apache.org/surefire/maven-surefire-plugin/xsd/surefire-test-report-3.0.xsd" version="3.0" name="TestSuite" time="866.603" tests="20" errors="0" skipped="0" failures="0">
  <properties>
[...]
</properties>
  <testcase name="IndianFrro[TestUser01, Secret@123, Secret@123,  What is the name of your favorite book?, Alchemist, Muralikrishnan, Male, 01/07/1995, Student, student001@gmail.com, 9234567890, 4567890, INDIA, Murali, 3, No 141, MG Road,,  PUDUCHERRY,  PONDICHERRY AND AUREVILLE     ,  Individual House, Five Star, student001@gmail.com, 9234567890, 4567890, Murali, No 141, MG Road,, PUDUCHERRY, 9C, student001@gmail.com, 4567890, 9234567890, Krishnan, No 123 GM Road, PUDUCHERRY, 9C, student002@gmail.com, 4567890, 9234567890, Kumar, No 212 Mission Road, PUDUCHERRY, 9C, student003@gmail.com, 4567890, 9234567890](1)" classname="pom.irctc.testcases.TC006" time="94.974">
    <system-out><![CDATA[3
44
The value of row 1 and column 0 is : TestUser01
The value of row 1 and column 1 is : Secret@123
The value of row 1 and column 2 is : Secret@123
The value of row 1 and column 3 is :  What is the name of your favorite book?
The value of row 1 and column 4 is : Alchemist
The value of row 1 and column 5 is : Muralikrishnan
The value of row 1 and column 6 is : Male
The value of row 1 and column 7 is : 01/07/1995
The value of row 1 and column 8 is : Student
The value of row 1 and column 9 is : student001@gmail.com
The value of row 1 and column 10 is : 9234567890
The value of row 1 and column 11 is : 4567890
The value of row 1 and column 12 is : INDIA
The value of row 1 and column 13 is : Murali
The value of row 1 and column 14 is : 3
The value of row 1 and column 15 is : No 141, MG Road,
The value of row 1 and column 16 is :  PUDUCHERRY
The value of row 1 and column 17 is :  PONDICHERRY AND AUREVILLE     
The value of row 1 and column 18 is :  Individual House
The value of row 1 and column 19 is : Five Star
The value of row 1 and column 20 is : student001@gmail.com
The value of row 1 and column 21 is : 9234567890
The value of row 1 and column 22 is : 4567890
The value of row 1 and column 23 is : Murali
The value of row 1 and column 24 is : No 141, MG Road,
The value of row 1 and column 25 is : PUDUCHERRY
The value of row 1 and column 26 is : 9C
The value of row 1 and column 27 is : student001@gmail.com
The value of row 1 and column 28 is : 4567890
The value of row 1 and column 29 is : 9234567890
The value of row 1 and column 30 is : Krishnan
The value of row 1 and column 31 is : No 123 GM Road
The value of row 1 and column 32 is : PUDUCHERRY
The value of row 1 and column 33 is : 9C
The value of row 1 and column 34 is : student002@gmail.com
The value of row 1 and column 35 is : 4567890
The value of row 1 and column 36 is : 9234567890
The value of row 1 and column 37 is : Kumar
The value of row 1 and column 38 is : No 212 Mission Road
The value of row 1 and column 39 is : PUDUCHERRY
The value of row 1 and column 40 is : 9C
The value of row 1 and column 41 is : student003@gmail.com
The value of row 1 and column 42 is : 4567890
The value of row 1 and column 43 is : 9234567890
The value of row 2 and column 0 is : TestUser02
The value of row 2 and column 1 is : India@123
The value of row 2 and column 2 is : India@123
The value of row 2 and column 3 is :  What is the name of your favorite book?
The value of row 2 and column 4 is : Alchemist
The value of row 2 and column 5 is : Ravichandran 
The value of row 2 and column 6 is : Male
The value of row 2 and column 7 is : 02/07/1995
The value of row 2 and column 8 is : Student
The value of row 2 and column 9 is : student002@gmail.com
The value of row 2 and column 10 is : 9234567890
The value of row 2 and column 11 is : 4567890
The value of row 2 and column 12 is : INDIA
The value of row 2 and column 13 is : Ravi
The value of row 2 and column 14 is : 3
The value of row 2 and column 15 is : No 121, GM Road,
The value of row 2 and column 16 is :  PUDUCHERRY
The value of row 2 and column 17 is :  PONDICHERRY AND AUREVILLE     
The value of row 2 and column 18 is :  Individual House
The value of row 2 and column 19 is : Five Star
The value of row 2 and column 20 is : student002@gmail.com
The value of row 2 and column 21 is : 9234567890
The value of row 2 and column 22 is : 4567890
The value of row 2 and column 23 is : Ravi
The value of row 2 and column 24 is : No 121, GM Road,
The value of row 2 and column 25 is : PUDUCHERRY
The value of row 2 and column 26 is : 9C
The value of row 2 and column 27 is : student001@gmail.com
The value of row 2 and column 28 is : 4567890
The value of row 2 and column 29 is : 9234567890
The value of row 2 and column 30 is : Krishnan
The value of row 2 and column 31 is : No 123 GM Road
The value of row 2 and column 32 is : PUDUCHERRY
The value of row 2 and column 33 is : 9C
The value of row 2 and column 34 is : student002@gmail.com
The value of row 2 and column 35 is : 4567890
The value of row 2 and column 36 is : 9234567890
The value of row 2 and column 37 is : Kumar
The value of row 2 and column 38 is : No 212 Mission Road
The value of row 2 and column 39 is : PUDUCHERRY
The value of row 2 and column 40 is : 9C
The value of row 2 and column 41 is : student003@gmail.com
The value of row 2 and column 42 is : 4567890
The value of row 2 and column 43 is : 9234567890
The value of row 3 and column 0 is : TestUSer03
The value of row 3 and column 1 is : India@123
The value of row 3 and column 2 is : India@123
The value of row 3 and column 3 is :  What is the name of your favorite book?
The value of row 3 and column 4 is : Alchemist
The value of row 3 and column 5 is : Ashwin
The value of row 3 and column 6 is : Male
The value of row 3 and column 7 is : 03/07/1995
The value of row 3 and column 8 is : Student
The value of row 3 and column 9 is : student003@gmail.com
The value of row 3 and column 10 is : 9234567890
The value of row 3 and column 11 is : 4567890
The value of row 3 and column 12 is : INDIA
The value of row 3 and column 13 is : Ashwin
The value of row 3 and column 14 is : 3
The value of row 3 and column 15 is : No 128, Misson Road,
The value of row 3 and column 16 is :  PUDUCHERRY
The value of row 3 and column 17 is :  PONDICHERRY AND AUREVILLE     
The value of row 3 and column 18 is :  Individual House
The value of row 3 and column 19 is : Five Star
The value of row 3 and column 20 is : student003@gmail.com
The value of row 3 and column 21 is : 9234567890
The value of row 3 and column 22 is : 4567890
The value of row 3 and column 23 is : Ashwin
The value of row 3 and column 24 is : No 128, Misson Road,
The value of row 3 and column 25 is : PUDUCHERRY
The value of row 3 and column 26 is : 9C
The value of row 3 and column 27 is : student001@gmail.com
The value of row 3 and column 28 is : 4567890
The value of row 3 and column 29 is : 9234567890
The value of row 3 and column 30 is : Krishnan
The value of row 3 and column 31 is : No 123 GM Road
The value of row 3 and column 32 is : PUDUCHERRY
The value of row 3 and column 33 is : 9C
The value of row 3 and column 34 is : student002@gmail.com
The value of row 3 and column 35 is : 4567890
The value of row 3 and column 36 is : 9234567890
The value of row 3 and column 37 is : Kumar
The value of row 3 and column 38 is : No 212 Mission Road
The value of row 3 and column 39 is : PUDUCHERRY
The value of row 3 and column 40 is : 9C
The value of row 3 and column 41 is : student003@gmail.com
The value of row 3 and column 42 is : 4567890
The value of row 3 and column 43 is : 9234567890
]]></system-out>
    <system-err><![CDATA[Starting ChromeDriver 88.0.4324.96 (68dba2d8a0b149a1d3afac56fa74648032bcf46b-refs/branch-heads/4324@{#1784}) on port 2149
Only local connections are allowed.
Please see https://chromedriver.chromium.org/security-considerations for suggestions on keeping ChromeDriver safe.
ChromeDriver was started successfully.
Feb 15, 2021 6:34:53 PM org.openqa.selenium.remote.ProtocolHandshake createSession
INFO: Detected dialect: W3C
]]></system-err>
  </testcase>
  <testcase name="IndianFrro[TestUser02, India@123, India@123,  What is the name of your favorite book?, Alchemist, Ravichandran , Male, 02/07/1995, Student, student002@gmail.com, 9234567890, 4567890, INDIA, Ravi, 3, No 121, GM Road,,  PUDUCHERRY,  PONDICHERRY AND AUREVILLE     ,  Individual House, Five Star, student002@gmail.com, 9234567890, 4567890, Ravi, No 121, GM Road,, PUDUCHERRY, 9C, student001@gmail.com, 4567890, 9234567890, Krishnan, No 123 GM Road, PUDUCHERRY, 9C, student002@gmail.com, 4567890, 9234567890, Kumar, No 212 Mission Road, PUDUCHERRY, 9C, student003@gmail.com, 4567890, 9234567890](2)" classname="pom.irctc.testcases.TC006" time="92.18">
    <system-err><![CDATA[Starting ChromeDriver 88.0.4324.96 (68dba2d8a0b149a1d3afac56fa74648032bcf46b-refs/branch-heads/4324@{#1784}) on port 11726
Only local connections are allowed.
Please see https://chromedriver.chromium.org/security-considerations for suggestions on keeping ChromeDriver safe.
ChromeDriver was started successfully.
Feb 15, 2021 6:36:35 PM org.openqa.selenium.remote.ProtocolHandshake createSession
INFO: Detected dialect: W3C
]]></system-err>
  </testcase>
  <testcase name="IndianFrro[TestUSer03, India@123, India@123,  What is the name of your favorite book?, Alchemist, Ashwin, Male, 03/07/1995, Student, student003@gmail.com, 9234567890, 4567890, INDIA, Ashwin, 3, No 128, Misson Road,,  PUDUCHERRY,  PONDICHERRY AND AUREVILLE     ,  Individual House, Five Star, student003@gmail.com, 9234567890, 4567890, Ashwin, No 128, Misson Road,, PUDUCHERRY, 9C, student001@gmail.com, 4567890, 9234567890, Krishnan, No 123 GM Road, PUDUCHERRY, 9C, student002@gmail.com, 4567890, 9234567890, Kumar, No 212 Mission Road, PUDUCHERRY, 9C, student003@gmail.com, 4567890, 9234567890](3)" classname="pom.irctc.testcases.TC006" time="92.435">
    <system-err><![CDATA[Starting ChromeDriver 88.0.4324.96 (68dba2d8a0b149a1d3afac56fa74648032bcf46b-refs/branch-heads/4324@{#1784}) on port 34540
Only local connections are allowed.
Please see https://chromedriver.chromium.org/security-considerations for suggestions on keeping ChromeDriver safe.
ChromeDriver was started successfully.
Feb 15, 2021 6:38:11 PM org.openqa.selenium.remote.ProtocolHandshake createSession
INFO: Detected dialect: W3C
]]></system-err>
  </testcase>
  <testcase name="IrctcBookHotelsGstValidation" classname="pom.irctc.testcases.TC005" time="64.392">
    <system-err><![CDATA[Starting ChromeDriver 88.0.4324.96 (68dba2d8a0b149a1d3afac56fa74648032bcf46b-refs/branch-heads/4324@{#1784}) on port 8382
Only local connections are allowed.
Please see https://chromedriver.chromium.org/security-considerations for suggestions on keeping ChromeDriver safe.
ChromeDriver was started successfully.
Feb 15, 2021 6:39:48 PM org.openqa.selenium.remote.ProtocolHandshake createSession
INFO: Detected dialect: W3C
]]></system-err>
  </testcase>
  <testcase name="IrctcBookHotelsOtpValidation" classname="pom.irctc.testcases.TC004" time="61.991">
    <system-err><![CDATA[Starting ChromeDriver 88.0.4324.96 (68dba2d8a0b149a1d3afac56fa74648032bcf46b-refs/branch-heads/4324@{#1784}) on port 6903
Only local connections are allowed.
Please see https://chromedriver.chromium.org/security-considerations for suggestions on keeping ChromeDriver safe.
ChromeDriver was started successfully.
Feb 15, 2021 6:41:04 PM org.openqa.selenium.remote.ProtocolHandshake createSession
INFO: Detected dialect: W3C
]]></system-err>
  </testcase>
  <testcase name="IrctcSaloonMandatoryCheck" classname="pom.irctc.testcases.TC003" time="21.027">
    <system-err><![CDATA[Starting ChromeDriver 88.0.4324.96 (68dba2d8a0b149a1d3afac56fa74648032bcf46b-refs/branch-heads/4324@{#1784}) on port 6269
Only local connections are allowed.
Please see https://chromedriver.chromium.org/security-considerations for suggestions on keeping ChromeDriver safe.
ChromeDriver was started successfully.
Feb 15, 2021 6:42:14 PM org.openqa.selenium.remote.ProtocolHandshake createSession
INFO: Detected dialect: W3C
]]></system-err>
  </testcase>
  <testcase name="IrctcBookYourCoach" classname="pom.irctc.testcases.TC002" time="44.638">
    <system-err><![CDATA[Starting ChromeDriver 88.0.4324.96 (68dba2d8a0b149a1d3afac56fa74648032bcf46b-refs/branch-heads/4324@{#1784}) on port 21248
Only local connections are allowed.
Please see https://chromedriver.chromium.org/security-considerations for suggestions on keeping ChromeDriver safe.
ChromeDriver was started successfully.
Feb 15, 2021 6:42:43 PM org.openqa.selenium.remote.ProtocolHandshake createSession
INFO: Detected dialect: W3C
]]></system-err>
  </testcase>
  <testcase name="IrctcRegistration" classname="pom.irctc.testcases.TC001" time="25.891">
    <system-err><![CDATA[Starting ChromeDriver 88.0.4324.96 (68dba2d8a0b149a1d3afac56fa74648032bcf46b-refs/branch-heads/4324@{#1784}) on port 32981
Only local connections are allowed.
Please see https://chromedriver.chromium.org/security-considerations for suggestions on keeping ChromeDriver safe.
ChromeDriver was started successfully.
Feb 15, 2021 6:44:01 PM org.openqa.selenium.remote.ProtocolHandshake createSession
INFO: Detected dialect: W3C
]]></system-err>
  </testcase>
  <testcase name="PhpTravelsRegister[Murali, Krishnan, student001@gmail.com, 8870042519, Testing Pvt., Ltd, No 17, First cross, Kamaraj salai, Pondicherry, Pondicherry, 605001, IN, Advertisement, 8870042519, P%ssword1234, P%ssword1234](1)" classname="pom.irctc.testcases.TC010" time="9.831">
    <system-out><![CDATA[3
15
The value of row 1 and column 0 is : Murali
The value of row 1 and column 1 is : Krishnan
The value of row 1 and column 2 is : student001@gmail.com
The value of row 1 and column 3 is : 8870042519
The value of row 1 and column 4 is : Testing Pvt., Ltd
The value of row 1 and column 5 is : No 17, First cross
The value of row 1 and column 6 is : Kamaraj salai
The value of row 1 and column 7 is : Pondicherry
The value of row 1 and column 8 is : Pondicherry
The value of row 1 and column 9 is : 605001
The value of row 1 and column 10 is : IN
The value of row 1 and column 11 is : Advertisement
The value of row 1 and column 12 is : 8870042519
The value of row 1 and column 13 is : P%ssword1234
The value of row 1 and column 14 is : P%ssword1234
The value of row 2 and column 0 is : Bhuvnesh
The value of row 2 and column 1 is : Kumar
The value of row 2 and column 2 is : student002@gmail.com
The value of row 2 and column 3 is : 9856562345
The value of row 2 and column 4 is : Testing Pvt., Ltd
The value of row 2 and column 5 is : No 17, First cross
The value of row 2 and column 6 is : Kamaraj salai
The value of row 2 and column 7 is : Pondicherry
The value of row 2 and column 8 is : Pondicherry
The value of row 2 and column 9 is : 605001
The value of row 2 and column 10 is : IN
The value of row 2 and column 11 is : Advertisement
The value of row 2 and column 12 is : 9856230235
The value of row 2 and column 13 is : P%ssword1234
The value of row 2 and column 14 is : P%ssword1234
The value of row 3 and column 0 is : Ravi
The value of row 3 and column 1 is : Ashwin
The value of row 3 and column 2 is : student003@gmail.com
The value of row 3 and column 3 is : 9656231245
The value of row 3 and column 4 is : Testing Pvt., Ltd
The value of row 3 and column 5 is : No 17, First cross
The value of row 3 and column 6 is : Kamaraj salai
The value of row 3 and column 7 is : Pondicherry
The value of row 3 and column 8 is : Pondicherry
The value of row 3 and column 9 is : 605001
The value of row 3 and column 10 is : IN
The value of row 3 and column 11 is : Advertisement
The value of row 3 and column 12 is : 9845336577
The value of row 3 and column 13 is : P%ssword1234
The value of row 3 and column 14 is : P%ssword1234
]]></system-out>
    <system-err><![CDATA[Starting ChromeDriver 88.0.4324.96 (68dba2d8a0b149a1d3afac56fa74648032bcf46b-refs/branch-heads/4324@{#1784}) on port 15587
Only local connections are allowed.
Please see https://chromedriver.chromium.org/security-considerations for suggestions on keeping ChromeDriver safe.
ChromeDriver was started successfully.
Feb 15, 2021 6:45:07 PM org.openqa.selenium.remote.ProtocolHandshake createSession
INFO: Detected dialect: W3C
]]></system-err>
  </testcase>
  <testcase name="PhpTravelsRegister[Bhuvnesh, Kumar, student002@gmail.com, 9856562345, Testing Pvt., Ltd, No 17, First cross, Kamaraj salai, Pondicherry, Pondicherry, 605001, IN, Advertisement, 9856230235, P%ssword1234, P%ssword1234](2)" classname="pom.irctc.testcases.TC010" time="10.004">
    <system-err><![CDATA[Starting ChromeDriver 88.0.4324.96 (68dba2d8a0b149a1d3afac56fa74648032bcf46b-refs/branch-heads/4324@{#1784}) on port 15671
Only local connections are allowed.
Please see https://chromedriver.chromium.org/security-considerations for suggestions on keeping ChromeDriver safe.
ChromeDriver was started successfully.
Feb 15, 2021 6:45:33 PM org.openqa.selenium.remote.ProtocolHandshake createSession
INFO: Detected dialect: W3C
]]></system-err>
  </testcase>
  <testcase name="PhpTravelsRegister[Ravi, Ashwin, student003@gmail.com, 9656231245, Testing Pvt., Ltd, No 17, First cross, Kamaraj salai, Pondicherry, Pondicherry, 605001, IN, Advertisement, 9845336577, P%ssword1234, P%ssword1234](3)" classname="pom.irctc.testcases.TC010" time="10.495">
    <system-err><![CDATA[Starting ChromeDriver 88.0.4324.96 (68dba2d8a0b149a1d3afac56fa74648032bcf46b-refs/branch-heads/4324@{#1784}) on port 24212
Only local connections are allowed.
Please see https://chromedriver.chromium.org/security-considerations for suggestions on keeping ChromeDriver safe.
ChromeDriver was started successfully.
Feb 15, 2021 6:45:51 PM org.openqa.selenium.remote.ProtocolHandshake createSession
INFO: Detected dialect: W3C
]]></system-err>
  </testcase>
  <testcase name="PanApply[MR., Murali, Max, Krishnan, Ganesan, Deiva, Nayagam, 8870042519, student001@gmail.com, Salary, 01071995, No17 First cross, Kamaraj Salai, Pondicherry, Puducherry, 605001, INDIA, Aadhar Card issued by UIDAI(In Copy), VOTER ID card which is having complete Date of Birth (In Copy), Matriculation certificate or mark sheet of recognised board (In Copy), Copy of Aadhaar Card / Letter](1)" classname="pom.irctc.testcases.TC009" time="10.946">
    <system-out><![CDATA[3
21
The value of row 1 and column 0 is : MR.
The value of row 1 and column 1 is : Murali
The value of row 1 and column 2 is : Max
The value of row 1 and column 3 is : Krishnan
The value of row 1 and column 4 is : Ganesan
The value of row 1 and column 5 is : Deiva
The value of row 1 and column 6 is : Nayagam
The value of row 1 and column 7 is : 8870042519
The value of row 1 and column 8 is : student001@gmail.com
The value of row 1 and column 9 is : Salary
The value of row 1 and column 10 is : 01071995
The value of row 1 and column 11 is : No17 First cross
The value of row 1 and column 12 is : Kamaraj Salai
The value of row 1 and column 13 is : Pondicherry
The value of row 1 and column 14 is : Puducherry
The value of row 1 and column 15 is : 605001
The value of row 1 and column 16 is : INDIA
The value of row 1 and column 17 is : Aadhar Card issued by UIDAI(In Copy)
The value of row 1 and column 18 is : VOTER ID card which is having complete Date of Birth (In Copy)
The value of row 1 and column 19 is : Matriculation certificate or mark sheet of recognised board (In Copy)
The value of row 1 and column 20 is : Copy of Aadhaar Card / Letter
The value of row 2 and column 0 is : MR.
The value of row 2 and column 1 is : Bhuvaneshwar
The value of row 2 and column 2 is : Bhuvi
The value of row 2 and column 3 is : Kumar
The value of row 2 and column 4 is : Praveen
The value of row 2 and column 5 is : Piku
The value of row 2 and column 6 is : Kumar
The value of row 2 and column 7 is : 9875465231
The value of row 2 and column 8 is : student002@gmail.com
The value of row 2 and column 9 is : Salary
The value of row 2 and column 10 is : 15051996
The value of row 2 and column 11 is : No19 Third cross
The value of row 2 and column 12 is : Mission Street
The value of row 2 and column 13 is : Pondicherry
The value of row 2 and column 14 is : Puducherry
The value of row 2 and column 15 is : 605001
The value of row 2 and column 16 is : INDIA
The value of row 2 and column 17 is : Aadhar Card issued by UIDAI(In Copy)
The value of row 2 and column 18 is : VOTER ID card which is having complete Date of Birth (In Copy)
The value of row 2 and column 19 is : Matriculation certificate or mark sheet of recognised board (In Copy)
The value of row 2 and column 20 is : Copy of Aadhaar Card / Letter
The value of row 3 and column 0 is : MR.
The value of row 3 and column 1 is : Ravichandran
The value of row 3 and column 2 is : Ravi
The value of row 3 and column 3 is : Ashwin
The value of row 3 and column 4 is : Bishen
The value of row 3 and column 5 is : Singh
The value of row 3 and column 6 is : Bedi
The value of row 3 and column 7 is : 9845563215
The value of row 3 and column 8 is : student003@gmail.com
The value of row 3 and column 9 is : Salary
The value of row 3 and column 10 is : 07091999
The value of row 3 and column 11 is : No120 Fourth cross
The value of row 3 and column 12 is : Anna Salai
The value of row 3 and column 13 is : Pondicherry
The value of row 3 and column 14 is : Puducherry
The value of row 3 and column 15 is : 605001
The value of row 3 and column 16 is : INDIA
The value of row 3 and column 17 is : Aadhar Card issued by UIDAI(In Copy)
The value of row 3 and column 18 is : VOTER ID card which is having complete Date of Birth (In Copy)
The value of row 3 and column 19 is : Matriculation certificate or mark sheet of recognised board (In Copy)
The value of row 3 and column 20 is : Copy of Aadhaar Card / Letter
]]></system-out>
    <system-err><![CDATA[Starting ChromeDriver 88.0.4324.96 (68dba2d8a0b149a1d3afac56fa74648032bcf46b-refs/branch-heads/4324@{#1784}) on port 44635
Only local connections are allowed.
Please see https://chromedriver.chromium.org/security-considerations for suggestions on keeping ChromeDriver safe.
ChromeDriver was started successfully.
Feb 15, 2021 6:46:09 PM org.openqa.selenium.remote.ProtocolHandshake createSession
INFO: Detected dialect: W3C
]]></system-err>
  </testcase>
  <testcase name="PanApply[MR., Bhuvaneshwar, Bhuvi, Kumar, Praveen, Piku, Kumar, 9875465231, student002@gmail.com, Salary, 15051996, No19 Third cross, Mission Street, Pondicherry, Puducherry, 605001, INDIA, Aadhar Card issued by UIDAI(In Copy), VOTER ID card which is having complete Date of Birth (In Copy), Matriculation certificate or mark sheet of recognised board (In Copy), Copy of Aadhaar Card / Letter](2)" classname="pom.irctc.testcases.TC009" time="10.815">
    <system-err><![CDATA[Starting ChromeDriver 88.0.4324.96 (68dba2d8a0b149a1d3afac56fa74648032bcf46b-refs/branch-heads/4324@{#1784}) on port 29895
Only local connections are allowed.
Please see https://chromedriver.chromium.org/security-considerations for suggestions on keeping ChromeDriver safe.
ChromeDriver was started successfully.
Feb 15, 2021 6:46:26 PM org.openqa.selenium.remote.ProtocolHandshake createSession
INFO: Detected dialect: W3C
]]></system-err>
  </testcase>
  <testcase name="PanApply[MR., Ravichandran, Ravi, Ashwin, Bishen, Singh, Bedi, 9845563215, student003@gmail.com, Salary, 07091999, No120 Fourth cross, Anna Salai, Pondicherry, Puducherry, 605001, INDIA, Aadhar Card issued by UIDAI(In Copy), VOTER ID card which is having complete Date of Birth (In Copy), Matriculation certificate or mark sheet of recognised board (In Copy), Copy of Aadhaar Card / Letter](3)" classname="pom.irctc.testcases.TC009" time="10.8">
    <system-err><![CDATA[Starting ChromeDriver 88.0.4324.96 (68dba2d8a0b149a1d3afac56fa74648032bcf46b-refs/branch-heads/4324@{#1784}) on port 46164
Only local connections are allowed.
Please see https://chromedriver.chromium.org/security-considerations for suggestions on keeping ChromeDriver safe.
ChromeDriver was started successfully.
Feb 15, 2021 6:46:42 PM org.openqa.selenium.remote.ProtocolHandshake createSession
INFO: Detected dialect: W3C
]]></system-err>
  </testcase>
  <testcase name="OnlineUsVisaAppy[Muralikrishnan, Murali, MURALIKRISHNAN, Max, Krishnan, Student001@gmail.com, Student001@gmail.com, murali@gmail.com, 1995, July, Pondicherry, Pondicherry, India, India, No120 MG Road, Kamaraj Salai, Pondicherry, Pondicherry, 605001, 8870042519, India, Pondicherry](1)" classname="pom.irctc.testcases.TC008" time="23.493">
    <system-out><![CDATA[3
22
The value of row 1 and column 0 is : Muralikrishnan
The value of row 1 and column 1 is : Murali
The value of row 1 and column 2 is : MURALIKRISHNAN
The value of row 1 and column 3 is : Max
The value of row 1 and column 4 is : Krishnan
The value of row 1 and column 5 is : Student001@gmail.com
The value of row 1 and column 6 is : Student001@gmail.com
The value of row 1 and column 7 is : murali@gmail.com
The value of row 1 and column 8 is : 1995
The value of row 1 and column 9 is : July
The value of row 1 and column 10 is : Pondicherry
The value of row 1 and column 11 is : Pondicherry
The value of row 1 and column 12 is : India
The value of row 1 and column 13 is : India
The value of row 1 and column 14 is : No120 MG Road
The value of row 1 and column 15 is : Kamaraj Salai
The value of row 1 and column 16 is : Pondicherry
The value of row 1 and column 17 is : Pondicherry
The value of row 1 and column 18 is : 605001
The value of row 1 and column 19 is : 8870042519
The value of row 1 and column 20 is : India
The value of row 1 and column 21 is : Pondicherry
The value of row 2 and column 0 is : Logeshwaran
The value of row 2 and column 1 is : Logesh
The value of row 2 and column 2 is : LOGESHWARAN
The value of row 2 and column 3 is : Log
The value of row 2 and column 4 is : Waran
The value of row 2 and column 5 is : Student002@gmail.com
The value of row 2 and column 6 is : Student002@gmail.com
The value of row 2 and column 7 is : logesh@gmail.com
The value of row 2 and column 8 is : 1999
The value of row 2 and column 9 is : April
The value of row 2 and column 10 is : Pondicherry
The value of row 2 and column 11 is : Pondicherry
The value of row 2 and column 12 is : India
The value of row 2 and column 13 is : India
The value of row 2 and column 14 is : No121 GM Road
The value of row 2 and column 15 is : Kamaraj Salai
The value of row 2 and column 16 is : Pondicherry
The value of row 2 and column 17 is : Pondicherry
The value of row 2 and column 18 is : 605001
The value of row 2 and column 19 is : 9887965421
The value of row 2 and column 20 is : India
The value of row 2 and column 21 is : Pondicherry
The value of row 3 and column 0 is : Smith
The value of row 3 and column 1 is : Smith
The value of row 3 and column 2 is : STEVEN SMITH
The value of row 3 and column 3 is : Stev
The value of row 3 and column 4 is : Steven
The value of row 3 and column 5 is : Student003@gmail.com
The value of row 3 and column 6 is : Student003@gmail.com
The value of row 3 and column 7 is : smith@gmail.com
The value of row 3 and column 8 is : 1989
The value of row 3 and column 9 is : September
The value of row 3 and column 10 is : Pondicherry
The value of row 3 and column 11 is : Pondicherry
The value of row 3 and column 12 is : India
The value of row 3 and column 13 is : India
The value of row 3 and column 14 is : No122 MG Road
The value of row 3 and column 15 is : Kamaraj Salai
The value of row 3 and column 16 is : Pondicherry
The value of row 3 and column 17 is : Pondicherry
The value of row 3 and column 18 is : 605001
The value of row 3 and column 19 is : 9558774123
The value of row 3 and column 20 is : India
The value of row 3 and column 21 is : Pondicherry
]]></system-out>
    <system-err><![CDATA[Starting ChromeDriver 88.0.4324.96 (68dba2d8a0b149a1d3afac56fa74648032bcf46b-refs/branch-heads/4324@{#1784}) on port 30378
Only local connections are allowed.
Please see https://chromedriver.chromium.org/security-considerations for suggestions on keeping ChromeDriver safe.
ChromeDriver was started successfully.
Feb 15, 2021 6:46:58 PM org.openqa.selenium.remote.ProtocolHandshake createSession
INFO: Detected dialect: W3C
]]></system-err>
  </testcase>
  <testcase name="OnlineUsVisaAppy[Logeshwaran, Logesh, LOGESHWARAN, Log, Waran, Student002@gmail.com, Student002@gmail.com, logesh@gmail.com, 1999, April, Pondicherry, Pondicherry, India, India, No121 GM Road, Kamaraj Salai, Pondicherry, Pondicherry, 605001, 9887965421, India, Pondicherry](2)" classname="pom.irctc.testcases.TC008" time="23.135">
    <system-err><![CDATA[Starting ChromeDriver 88.0.4324.96 (68dba2d8a0b149a1d3afac56fa74648032bcf46b-refs/branch-heads/4324@{#1784}) on port 24426
Only local connections are allowed.
Please see https://chromedriver.chromium.org/security-considerations for suggestions on keeping ChromeDriver safe.
ChromeDriver was started successfully.
Feb 15, 2021 6:47:29 PM org.openqa.selenium.remote.ProtocolHandshake createSession
INFO: Detected dialect: W3C
]]></system-err>
  </testcase>
  <testcase name="OnlineUsVisaAppy[Smith, Smith, STEVEN SMITH, Stev, Steven, Student003@gmail.com, Student003@gmail.com, smith@gmail.com, 1989, September, Pondicherry, Pondicherry, India, India, No122 MG Road, Kamaraj Salai, Pondicherry, Pondicherry, 605001, 9558774123, India, Pondicherry](3)" classname="pom.irctc.testcases.TC008" time="22.977">
    <system-err><![CDATA[Starting ChromeDriver 88.0.4324.96 (68dba2d8a0b149a1d3afac56fa74648032bcf46b-refs/branch-heads/4324@{#1784}) on port 15189
Only local connections are allowed.
Please see https://chromedriver.chromium.org/security-considerations for suggestions on keeping ChromeDriver safe.
ChromeDriver was started successfully.
Feb 15, 2021 6:47:59 PM org.openqa.selenium.remote.ProtocolHandshake createSession
INFO: Detected dialect: W3C
]]></system-err>
  </testcase>
  <testcase name="FacebookSignUp[Murali, Krishnan, student001@gmail.com, student001@gmail.com, India123, 1, Jul, 1995](1)" classname="pom.irctc.testcases.TC007" time="7.532">
    <system-out><![CDATA[3
8
The value of row 1 and column 0 is : Murali
The value of row 1 and column 1 is : Krishnan
The value of row 1 and column 2 is : student001@gmail.com
The value of row 1 and column 3 is : student001@gmail.com
The value of row 1 and column 4 is : India123
The value of row 1 and column 5 is : 1
The value of row 1 and column 6 is : Jul
The value of row 1 and column 7 is : 1995
The value of row 2 and column 0 is : Glenn
The value of row 2 and column 1 is : Maxwell
The value of row 2 and column 2 is : student002@gmail.com
The value of row 2 and column 3 is : student002@gmail.com
The value of row 2 and column 4 is : India456
The value of row 2 and column 5 is : 4
The value of row 2 and column 6 is : Feb
The value of row 2 and column 7 is : 1998
The value of row 3 and column 0 is : Steven
The value of row 3 and column 1 is : Smith
The value of row 3 and column 2 is : student003@gmail.com
The value of row 3 and column 3 is : student003@gmail.com
The value of row 3 and column 4 is : India789
The value of row 3 and column 5 is : 14
The value of row 3 and column 6 is : May
The value of row 3 and column 7 is : 1983
]]></system-out>
    <system-err><![CDATA[Starting ChromeDriver 88.0.4324.96 (68dba2d8a0b149a1d3afac56fa74648032bcf46b-refs/branch-heads/4324@{#1784}) on port 31813
Only local connections are allowed.
Please see https://chromedriver.chromium.org/security-considerations for suggestions on keeping ChromeDriver safe.
ChromeDriver was started successfully.
Feb 15, 2021 6:48:29 PM org.openqa.selenium.remote.ProtocolHandshake createSession
INFO: Detected dialect: W3C
]]></system-err>
  </testcase>
  <testcase name="FacebookSignUp[Glenn, Maxwell, student002@gmail.com, student002@gmail.com, India456, 4, Feb, 1998](2)" classname="pom.irctc.testcases.TC007" time="7.615">
    <system-err><![CDATA[Starting ChromeDriver 88.0.4324.96 (68dba2d8a0b149a1d3afac56fa74648032bcf46b-refs/branch-heads/4324@{#1784}) on port 10884
Only local connections are allowed.
Please see https://chromedriver.chromium.org/security-considerations for suggestions on keeping ChromeDriver safe.
ChromeDriver was started successfully.
Feb 15, 2021 6:48:43 PM org.openqa.selenium.remote.ProtocolHandshake createSession
INFO: Detected dialect: W3C
]]></system-err>
  </testcase>
  <testcase name="FacebookSignUp[Steven, Smith, student003@gmail.com, student003@gmail.com, India789, 14, May, 1983](3)" classname="pom.irctc.testcases.TC007" time="7.679">
    <system-err><![CDATA[Starting ChromeDriver 88.0.4324.96 (68dba2d8a0b149a1d3afac56fa74648032bcf46b-refs/branch-heads/4324@{#1784}) on port 38679
Only local connections are allowed.
Please see https://chromedriver.chromium.org/security-considerations for suggestions on keeping ChromeDriver safe.
ChromeDriver was started successfully.
Feb 15, 2021 6:48:56 PM org.openqa.selenium.remote.ProtocolHandshake createSession
INFO: Detected dialect: W3C
]]></system-err>
  </testcase>
</testsuite>